[debug] [2020-07-01T19:56:30.971Z] ----------------------------------------------------------------------
[debug] [2020-07-01T19:56:30.973Z] Command:       C:\Program Files\nodejs\node.exe C:\Users\IrshadAhmadSheikh\AppData\Roaming\npm\node_modules\firebase-tools\lib\bin\firebase.js deploy
[debug] [2020-07-01T19:56:30.973Z] CLI Version:   8.4.2
[debug] [2020-07-01T19:56:30.973Z] Platform:      win32
[debug] [2020-07-01T19:56:30.973Z] Node Version:  v10.15.3
[debug] [2020-07-01T19:56:30.974Z] Time:          Thu Jul 02 2020 01:26:30 GMT+0530 (India Standard Time)
[debug] [2020-07-01T19:56:30.975Z] ----------------------------------------------------------------------
[debug] [2020-07-01T19:56:30.975Z] 
[debug] [2020-07-01T19:56:30.985Z] > command requires scopes: ["email","openid","https://www.googleapis.com/auth/cloudplatformprojects.readonly","https://www.googleapis.com/auth/firebase","https://www.googleapis.com/auth/cloud-platform"]
[debug] [2020-07-01T19:56:30.986Z] > authorizing via signed-in user
[debug] [2020-07-01T19:56:30.986Z] [iam] checking project foozabayas for permissions ["firebase.projects.get","firebasehosting.sites.update"]
[debug] [2020-07-01T19:56:30.989Z] > refreshing access token with scopes: ["email","https://www.googleapis.com/auth/cloud-platform","https://www.googleapis.com/auth/cloudplatformprojects.readonly","https://www.googleapis.com/auth/firebase","openid"]
[debug] [2020-07-01T19:56:30.989Z] >>> HTTP REQUEST POST https://www.googleapis.com/oauth2/v3/token  
 <request body omitted>
[debug] [2020-07-01T19:56:31.179Z] <<< HTTP RESPONSE 200 {"content-type":"application/json; charset=utf-8","vary":"X-Origin, Referer, Origin,Accept-Encoding","date":"Wed, 01 Jul 2020 19:56:31 GMT","server":"scaffolding on HTTPServer2","cache-control":"private","x-xss-protection":"0","x-frame-options":"SAMEORIGIN","x-content-type-options":"nosniff","alt-svc":"h3-27=\":443\"; ma=2592000,h3-25=\":443\"; ma=2592000,h3-T050=\":443\"; ma=2592000,h3-Q050=\":443\"; ma=2592000,h3-Q046=\":443\"; ma=2592000,h3-Q043=\":443\"; ma=2592000,quic=\":443\"; ma=2592000; v=\"46,43\"","accept-ranges":"none","transfer-encoding":"chunked"}
[debug] [2020-07-01T19:56:31.186Z] >>> HTTP REQUEST POST https://cloudresourcemanager.googleapis.com/v1/projects/foozabayas:testIamPermissions  
 {"permissions":["firebase.projects.get","firebasehosting.sites.update"]}
[debug] [2020-07-01T19:56:32.480Z] <<< HTTP RESPONSE 200 {"content-type":"application/json; charset=UTF-8","vary":"X-Origin, Referer, Origin,Accept-Encoding","date":"Wed, 01 Jul 2020 19:56:33 GMT","server":"ESF","cache-control":"private","x-xss-protection":"0","x-frame-options":"SAMEORIGIN","x-content-type-options":"nosniff","server-timing":"gfet4t7; dur=1159","alt-svc":"h3-29=\":443\"; ma=2592000,h3-27=\":443\"; ma=2592000,h3-25=\":443\"; ma=2592000,h3-T050=\":443\"; ma=2592000,h3-Q050=\":443\"; ma=2592000,h3-Q046=\":443\"; ma=2592000,h3-Q043=\":443\"; ma=2592000,quic=\":443\"; ma=2592000; v=\"46,43\"","accept-ranges":"none","transfer-encoding":"chunked"}
[debug] [2020-07-01T19:56:32.483Z] >>> HTTP REQUEST GET https://firebase.googleapis.com/v1beta1/projects/foozabayas  
 
[debug] [2020-07-01T19:56:32.886Z] <<< HTTP RESPONSE 200 {"content-type":"application/json; charset=UTF-8","vary":"X-Origin, Referer, Origin,Accept-Encoding","date":"Wed, 01 Jul 2020 19:56:33 GMT","server":"ESF","cache-control":"private","x-xss-protection":"0","x-frame-options":"SAMEORIGIN","x-content-type-options":"nosniff","alt-svc":"h3-27=\":443\"; ma=2592000,h3-25=\":443\"; ma=2592000,h3-T050=\":443\"; ma=2592000,h3-Q050=\":443\"; ma=2592000,h3-Q046=\":443\"; ma=2592000,h3-Q043=\":443\"; ma=2592000,quic=\":443\"; ma=2592000; v=\"46,43\"","accept-ranges":"none","transfer-encoding":"chunked"}
[info] 
[info] === Deploying to 'foozabayas'...
[info] 
[info] i  deploying hosting 
[debug] [2020-07-01T19:56:32.948Z] >>> HTTP REQUEST POST https://firebasehosting.googleapis.com/v1beta1/sites/foozabayas/versions  
 {"config":{"rewrites":[{"glob":"**","path":"/index.html"}]},"labels":{"deployment-tool":"cli-firebase"}}
[debug] [2020-07-01T19:56:54.799Z] Error: connect ETIMEDOUT 216.58.200.138:443
    at TCPConnectWrap.afterConnect [as oncomplete] (net.js:1097:14)
[error] 
[error] Error: Server Error. connect ETIMEDOUT 216.58.200.138:443
[debug] [2020-07-01T19:57:10.904Z] ----------------------------------------------------------------------
[debug] [2020-07-01T19:57:10.906Z] Command:       C:\Program Files\nodejs\node.exe C:\Users\IrshadAhmadSheikh\AppData\Roaming\npm\node_modules\firebase-tools\lib\bin\firebase.js deploy
[debug] [2020-07-01T19:57:10.906Z] CLI Version:   8.4.2
[debug] [2020-07-01T19:57:10.906Z] Platform:      win32
[debug] [2020-07-01T19:57:10.906Z] Node Version:  v10.15.3
[debug] [2020-07-01T19:57:10.907Z] Time:          Thu Jul 02 2020 01:27:10 GMT+0530 (India Standard Time)
[debug] [2020-07-01T19:57:10.908Z] ----------------------------------------------------------------------
[debug] [2020-07-01T19:57:10.908Z] 
[debug] [2020-07-01T19:57:10.917Z] > command requires scopes: ["email","openid","https://www.googleapis.com/auth/cloudplatformprojects.readonly","https://www.googleapis.com/auth/firebase","https://www.googleapis.com/auth/cloud-platform"]
[debug] [2020-07-01T19:57:10.917Z] > authorizing via signed-in user
[debug] [2020-07-01T19:57:10.917Z] [iam] checking project foozabayas for permissions ["firebase.projects.get","firebasehosting.sites.update"]
[debug] [2020-07-01T19:57:10.920Z] >>> HTTP REQUEST POST https://cloudresourcemanager.googleapis.com/v1/projects/foozabayas:testIamPermissions  
 {"permissions":["firebase.projects.get","firebasehosting.sites.update"]}
[debug] [2020-07-01T19:57:12.212Z] <<< HTTP RESPONSE 200 {"content-type":"application/json; charset=UTF-8","vary":"X-Origin, Referer, Origin,Accept-Encoding","date":"Wed, 01 Jul 2020 19:57:12 GMT","server":"ESF","cache-control":"private","x-xss-protection":"0","x-frame-options":"SAMEORIGIN","x-content-type-options":"nosniff","server-timing":"gfet4t7; dur=1183","alt-svc":"h3-29=\":443\"; ma=2592000,h3-27=\":443\"; ma=2592000,h3-25=\":443\"; ma=2592000,h3-T050=\":443\"; ma=2592000,h3-Q050=\":443\"; ma=2592000,h3-Q046=\":443\"; ma=2592000,h3-Q043=\":443\"; ma=2592000,quic=\":443\"; ma=2592000; v=\"46,43\"","accept-ranges":"none","transfer-encoding":"chunked"}
[debug] [2020-07-01T19:57:12.213Z] >>> HTTP REQUEST GET https://firebase.googleapis.com/v1beta1/projects/foozabayas  
 
[debug] [2020-07-01T19:57:12.569Z] <<< HTTP RESPONSE 200 {"content-type":"application/json; charset=UTF-8","vary":"X-Origin, Referer, Origin,Accept-Encoding","date":"Wed, 01 Jul 2020 19:57:13 GMT","server":"ESF","cache-control":"private","x-xss-protection":"0","x-frame-options":"SAMEORIGIN","x-content-type-options":"nosniff","alt-svc":"h3-27=\":443\"; ma=2592000,h3-25=\":443\"; ma=2592000,h3-T050=\":443\"; ma=2592000,h3-Q050=\":443\"; ma=2592000,h3-Q046=\":443\"; ma=2592000,h3-Q043=\":443\"; ma=2592000,quic=\":443\"; ma=2592000; v=\"46,43\"","accept-ranges":"none","transfer-encoding":"chunked"}
[info] 
[info] === Deploying to 'foozabayas'...
[info] 
[info] i  deploying hosting 
[debug] [2020-07-01T19:57:12.579Z] >>> HTTP REQUEST POST https://firebasehosting.googleapis.com/v1beta1/sites/foozabayas/versions  
 {"config":{"rewrites":[{"glob":"**","path":"/index.html"}]},"labels":{"deployment-tool":"cli-firebase"}}
[debug] [2020-07-01T19:57:33.746Z] Error: connect ETIMEDOUT 216.58.200.138:443
    at TCPConnectWrap.afterConnect [as oncomplete] (net.js:1097:14)
[error] 
[error] Error: Server Error. connect ETIMEDOUT 216.58.200.138:443
[debug] [2020-07-01T19:58:29.671Z] ----------------------------------------------------------------------
[debug] [2020-07-01T19:58:29.673Z] Command:       C:\Program Files\nodejs\node.exe C:\Users\IrshadAhmadSheikh\AppData\Roaming\npm\node_modules\firebase-tools\lib\bin\firebase.js deploy
[debug] [2020-07-01T19:58:29.674Z] CLI Version:   8.4.2
[debug] [2020-07-01T19:58:29.674Z] Platform:      win32
[debug] [2020-07-01T19:58:29.674Z] Node Version:  v10.15.3
[debug] [2020-07-01T19:58:29.675Z] Time:          Thu Jul 02 2020 01:28:29 GMT+0530 (India Standard Time)
[debug] [2020-07-01T19:58:29.675Z] ----------------------------------------------------------------------
[debug] [2020-07-01T19:58:29.675Z] 
[debug] [2020-07-01T19:58:29.683Z] > command requires scopes: ["email","openid","https://www.googleapis.com/auth/cloudplatformprojects.readonly","https://www.googleapis.com/auth/firebase","https://www.googleapis.com/auth/cloud-platform"]
[debug] [2020-07-01T19:58:29.684Z] > authorizing via signed-in user
[debug] [2020-07-01T19:58:29.684Z] [iam] checking project foozabayas for permissions ["firebase.projects.get","firebasehosting.sites.update"]
[debug] [2020-07-01T19:58:29.687Z] >>> HTTP REQUEST POST https://cloudresourcemanager.googleapis.com/v1/projects/foozabayas:testIamPermissions  
 {"permissions":["firebase.projects.get","firebasehosting.sites.update"]}
[debug] [2020-07-01T19:58:30.981Z] <<< HTTP RESPONSE 200 {"content-type":"application/json; charset=UTF-8","vary":"X-Origin, Referer, Origin,Accept-Encoding","date":"Wed, 01 Jul 2020 19:58:31 GMT","server":"ESF","cache-control":"private","x-xss-protection":"0","x-frame-options":"SAMEORIGIN","x-content-type-options":"nosniff","server-timing":"gfet4t7; dur=1180","alt-svc":"h3-29=\":443\"; ma=2592000,h3-27=\":443\"; ma=2592000,h3-25=\":443\"; ma=2592000,h3-T050=\":443\"; ma=2592000,h3-Q050=\":443\"; ma=2592000,h3-Q046=\":443\"; ma=2592000,h3-Q043=\":443\"; ma=2592000,quic=\":443\"; ma=2592000; v=\"46,43\"","accept-ranges":"none","transfer-encoding":"chunked"}
[debug] [2020-07-01T19:58:30.983Z] >>> HTTP REQUEST GET https://firebase.googleapis.com/v1beta1/projects/foozabayas  
 
[debug] [2020-07-01T19:58:31.358Z] <<< HTTP RESPONSE 200 {"content-type":"application/json; charset=UTF-8","vary":"X-Origin, Referer, Origin,Accept-Encoding","date":"Wed, 01 Jul 2020 19:58:32 GMT","server":"ESF","cache-control":"private","x-xss-protection":"0","x-frame-options":"SAMEORIGIN","x-content-type-options":"nosniff","alt-svc":"h3-27=\":443\"; ma=2592000,h3-25=\":443\"; ma=2592000,h3-T050=\":443\"; ma=2592000,h3-Q050=\":443\"; ma=2592000,h3-Q046=\":443\"; ma=2592000,h3-Q043=\":443\"; ma=2592000,quic=\":443\"; ma=2592000; v=\"46,43\"","accept-ranges":"none","transfer-encoding":"chunked"}
[info] 
[info] === Deploying to 'foozabayas'...
[info] 
[info] i  deploying hosting 
[debug] [2020-07-01T19:58:31.363Z] >>> HTTP REQUEST POST https://firebasehosting.googleapis.com/v1beta1/sites/foozabayas/versions  
 {"config":{"rewrites":[{"glob":"**","path":"/index.html"}]},"labels":{"deployment-tool":"cli-firebase"}}
[debug] [2020-07-01T19:58:52.558Z] Error: connect ETIMEDOUT 216.58.200.138:443
    at TCPConnectWrap.afterConnect [as oncomplete] (net.js:1097:14)
[error] 
[error] Error: Server Error. connect ETIMEDOUT 216.58.200.138:443
